<?xml version="1.0" encoding="UTF-8"?>
<coverage generated="1704609673572" clover="3.2.0">
  <project timestamp="1704609673572" name="All files">
    <metrics statements="13" coveredstatements="13" conditionals="4" coveredconditionals="4" methods="1" coveredmethods="1" elements="18" coveredelements="18" complexity="0" loc="13" ncloc="13" packages="1" files="1" classes="1"/>
    <file name="merge.ts" path="/Users/musicauyeung/Downloads/internships/(applied) PRIMO /merge/src/merge.ts">
      <metrics statements="13" coveredstatements="13" conditionals="4" coveredconditionals="4" methods="1" coveredmethods="1"/>
      <line num="1" count="1" type="stmt"/>
      <line num="2" count="6" type="stmt"/>
      <line num="3" count="6" type="stmt"/>
      <line num="4" count="6" type="stmt"/>
      <line num="5" count="6" type="cond" truecount="2" falsecount="0"/>
      <line num="6" count="7" type="cond" truecount="2" falsecount="0"/>
      <line num="7" count="4" type="stmt"/>
      <line num="9" count="3" type="stmt"/>
      <line num="12" count="6" type="stmt"/>
      <line num="13" count="2" type="stmt"/>
      <line num="15" count="6" type="stmt"/>
      <line num="16" count="3" type="stmt"/>
      <line num="18" count="6" type="stmt"/>
    </file>
  </project>
</coverage>
