{"/Users/musicauyeung/Downloads/internships/(applied) PRIMO /merge/src/merge.ts": {"path":"/Users/musicauyeung/Downloads/internships/(applied) PRIMO /merge/src/merge.ts","statementMap":{"0":{"start":{"line":2,"column":29},"end":{"line":2,"column":31}},"1":{"start":{"line":3,"column":23},"end":{"line":3,"column":24}},"2":{"start":{"line":4,"column":23},"end":{"line":4,"column":24}},"3":{"start":{"line":5,"column":4},"end":{"line":11,"column":5}},"4":{"start":{"line":6,"column":8},"end":{"line":10,"column":9}},"5":{"start":{"line":7,"column":12},"end":{"line":7,"column":32}},"6":{"start":{"line":9,"column":12},"end":{"line":9,"column":32}},"7":{"start":{"line":12,"column":4},"end":{"line":14,"column":5}},"8":{"start":{"line":13,"column":8},"end":{"line":13,"column":28}},"9":{"start":{"line":15,"column":4},"end":{"line":17,"column":5}},"10":{"start":{"line":16,"column":8},"end":{"line":16,"column":28}},"11":{"start":{"line":18,"column":4},"end":{"line":18,"column":15}},"12":{"start":{"line":1,"column":0},"end":{"line":1,"column":16}}},"fnMap":{"0":{"name":"merge","decl":{"start":{"line":1,"column":16},"end":{"line":1,"column":21}},"loc":{"start":{"line":1,"column":56},"end":{"line":19,"column":1}}}},"branchMap":{"0":{"loc":{"start":{"line":5,"column":11},"end":{"line":5,"column":49}},"type":"binary-expr","locations":[{"start":{"line":5,"column":12},"end":{"line":5,"column":27}},{"start":{"line":5,"column":33},"end":{"line":5,"column":48}}]},"1":{"loc":{"start":{"line":6,"column":8},"end":{"line":10,"column":9}},"type":"if","locations":[{"start":{"line":6,"column":8},"end":{"line":10,"column":9}},{"start":{"line":8,"column":15},"end":{"line":10,"column":9}}]}},"s":{"0":6,"1":6,"2":6,"3":6,"4":7,"5":4,"6":3,"7":6,"8":2,"9":6,"10":3,"11":6,"12":1},"f":{"0":6},"b":{"0":[13,8],"1":[4,3]}}
}
